<?xml version="1.0" encoding="UTF-8"?>
<!-- Generated by org.testng.reporters.JUnitXMLReporter -->
<testsuite ignored="3" hostname="DESKTOP-RHKSQOC" failures="0" tests="1" name="Default test" time="15.94" errors="0" timestamp="2024-05-07T14:37:50 EDT">
  <testcase classname="com.tutorialsNinja.TestCases.CheckOutTest" name="validateNavigatingToCheckoutPageFromShoppingCartPage" time="9.536"/>
  <testcase classname="com.tutorialsNinja.TestCases.CheckOutTest" name="validateCheckoutAsSignedInUserUsingExistingAddress" time="0.0">
    <ignored/>
  </testcase> <!-- validateCheckoutAsSignedInUserUsingExistingAddress -->
  <testcase classname="com.tutorialsNinja.TestCases.CheckOutTest" name="validateCheckoutAsSignedInUserByEnteringAllFieldsNewAddress" time="0.0">
    <ignored/>
  </testcase> <!-- validateCheckoutAsSignedInUserByEnteringAllFieldsNewAddress -->
  <testcase classname="com.tutorialsNinja.TestCases.CheckOutTest" name="validateCheckoutAsSignedInUserByEnteringMandatoryNewAddress" time="0.0">
    <ignored/>
  </testcase> <!-- validateCheckoutAsSignedInUserByEnteringMandatoryNewAddress -->
</testsuite> <!-- Default test -->
