<?xml version="1.0" encoding="UTF-8"?>
<!-- Generated by org.testng.reporters.JUnitXMLReporter -->
<testsuite ignored="0" hostname="DESKTOP-RHKSQOC" failures="0" tests="6" name="Test" time="60.556" errors="0" timestamp="2024-05-07T14:39:15 EDT">
  <testcase classname="com.tutorialsNinja.TestCases.AddToCartTest" name="validateAddingTheProductToCartFromHomePage" time="1.403"/>
  <testcase classname="com.tutorialsNinja.TestCases.AddToCartTest" name="validateAddingTheProductToCartWishListPage" time="4.305"/>
  <testcase classname="com.tutorialsNinja.TestCases.AddToCartTest" name="validateAddingTheProductToCartFromSearchResultsPage" time="2.989"/>
  <testcase classname="com.tutorialsNinja.TestCases.AddToCartTest" name="validateAddingTheProductToCartFromTheProductsDisplayedIntheCategoryPage" time="2.136"/>
  <testcase classname="com.tutorialsNinja.TestCases.CheckOutTest" name="validateNavigatingToCheckoutPageFromShoppingCartPage" time="9.954"/>
  <testcase classname="com.tutorialsNinja.TestCases.CheckOutTest" name="validateCheckoutAsSignedInUserUsingExistingAddress" time="8.939"/>
</testsuite> <!-- Test -->
