<?xml version="1.0" encoding="UTF-8"?>
<!-- Generated by org.testng.reporters.JUnitXMLReporter -->
<testsuite ignored="0" hostname="DESKTOP-RHKSQOC" failures="0" tests="6" name="Test" time="48.977" errors="0" timestamp="2024-05-08T18:11:36 EDT">
  <testcase classname="com.tutorialsNinja.TestCases.AddToCartTest" name="validateAddingTheProductToCartFromHomePage" time="1.214"/>
  <testcase classname="com.tutorialsNinja.TestCases.AddToCartTest" name="validateAddingTheProductToCartWishListPage" time="3.362"/>
  <testcase classname="com.tutorialsNinja.TestCases.AddToCartTest" name="validateAddingTheProductToCartFromSearchResultsPage" time="2.531"/>
  <testcase classname="com.tutorialsNinja.TestCases.AddToCartTest" name="validateAddingTheProductToCartFromTheProductsDisplayedIntheCategoryPage" time="1.89"/>
  <testcase classname="com.tutorialsNinja.TestCases.CheckOutTest" name="validateNavigatingToCheckoutPageFromShoppingCartPage" time="8.069"/>
  <testcase classname="com.tutorialsNinja.TestCases.CheckOutTest" name="validateCheckoutAsSignedInUserUsingExistingAddress" time="6.696"/>
</testsuite> <!-- Test -->
