<?xml version="1.0" encoding="UTF-8"?>
<testng-results ignored="0" total="1" passed="1" failed="0" skipped="0">
  <reporter-output>
  </reporter-output>
  <suite started-at="2024-05-07T14:37:34 EDT" name="Default suite" finished-at="2024-05-07T14:37:50 EDT" duration-ms="15940">
    <groups>
    </groups>
    <test started-at="2024-05-07T14:37:34 EDT" name="Default test" finished-at="2024-05-07T14:37:50 EDT" duration-ms="15940">
      <class name="com.tutorialsNinja.TestCases.CheckOutTest">
        <test-method is-config="true" signature="CheckOutsetup()[pri:0, instance:com.tutorialsNinja.TestCases.CheckOutTest@5fe94a96]" started-at="2024-05-07T14:37:34 EDT" name="CheckOutsetup" finished-at="2024-05-07T14:37:40 EDT" duration-ms="6139" status="PASS">
          <reporter-output>
          </reporter-output>
        </test-method> <!-- CheckOutsetup -->
        <test-method signature="validateNavigatingToCheckoutPageFromShoppingCartPage()[pri:1, instance:com.tutorialsNinja.TestCases.CheckOutTest@5fe94a96]" started-at="2024-05-07T14:37:40 EDT" name="validateNavigatingToCheckoutPageFromShoppingCartPage" finished-at="2024-05-07T14:37:50 EDT" duration-ms="9536" status="PASS">
          <reporter-output>
          </reporter-output>
        </test-method> <!-- validateNavigatingToCheckoutPageFromShoppingCartPage -->
        <test-method is-config="true" signature="tearDown()[pri:0, instance:com.tutorialsNinja.TestCases.CheckOutTest@5fe94a96]" started-at="2024-05-07T14:37:50 EDT" name="tearDown" finished-at="2024-05-07T14:37:50 EDT" duration-ms="200" status="PASS">
          <reporter-output>
          </reporter-output>
        </test-method> <!-- tearDown -->
      </class> <!-- com.tutorialsNinja.TestCases.CheckOutTest -->
    </test> <!-- Default test -->
  </suite> <!-- Default suite -->
</testng-results>
